<?xml version="1.0" encoding="UTF-8"?>
<testng-results skipped="0" failed="0" total="1" passed="1">
  <reporter-output>
  </reporter-output>
  <suite name="Default suite" duration-ms="421281" started-at="2017-01-27T09:25:52Z" finished-at="2017-01-27T09:32:53Z">
    <groups>
    </groups>
    <test name="Default test" duration-ms="421281" started-at="2017-01-27T09:25:52Z" finished-at="2017-01-27T09:32:53Z">
      <class name="test.TestLogIn">
        <test-method status="PASS" signature="beforeClass()[pri:0, instance:test.TestLogIn@2f6c8fd8]" name="beforeClass" is-config="true" duration-ms="2485" started-at="2017-01-27T14:55:52Z" finished-at="2017-01-27T14:55:54Z">
          <reporter-output>
          </reporter-output>
        </test-method> <!-- beforeClass -->
        <test-method status="PASS" signature="tabredirectiontest()[pri:1, instance:test.TestLogIn@2f6c8fd8]" name="tabredirectiontest" duration-ms="418763" started-at="2017-01-27T14:55:54Z" finished-at="2017-01-27T15:02:53Z">
          <reporter-output>
          </reporter-output>
        </test-method> <!-- tabredirectiontest -->
      </class> <!-- test.TestLogIn -->
    </test> <!-- Default test -->
  </suite> <!-- Default suite -->
</testng-results>
