<?xml version="1.0" encoding="UTF-8"?>
<!-- Generated by org.testng.reporters.JUnitXMLReporter -->
<testsuite hostname="IITC-WS-QA28" name="Test" tests="1" failures="1" timestamp="12 May 2016 09:38:45 GMT" time="0.022" errors="0">
  <testcase name="f" time="0.01" classname="test.TestSignIn">
    <failure type="java.lang.NullPointerException">
      <![CDATA[java.lang.NullPointerException
	at test.TestSignIn.f(TestSignIn.java:12)
... Removed 24 stack frames]]>
    </failure>
  </testcase> <!-- f -->
</testsuite> <!-- Test -->
